3 96 98 274
4 216 188 16 175
4 167 39 139 2
4 0 53 124 165
3 277 205 183
3 281 248 130
3 180 32 45
2 230 291
2 174 112
2 282 181
3 116 29 219
3 296 214 35
3 168 128 199
3 54 284 20
3 34 102 255
3 108 28 238
3 85 241 265
3 275 244 196
3 87 172 223
3 41 40 31
3 184 204 266
3 164 217 242
3 249 146 250
3 99 239 292
3 212 121 78
3 110 222 264
3 88 202 106
3 75 185 51
3 103 14 12
3 80 64 289
3 72 122 115
3 4 271 152
3 8 82 55
3 7 50 155
3 294 68 141
3 148 157 59
3 134 254 182
3 162 295 67
3 259 111 104
3 159 158 145
3 286 26 192
3 246 268 142
3 299 243 71
3 203 207 43
3 24 209 176
3 133 236 280
3 210 11 154
3 62 3 228
3 161 27 66
3 127 86 252
3 13 258 100
3 260 170 215
3 276 89 17
3 136 253 288
3 220 191 297
3 92 61 30
3 95 163 120
3 58 177 126
3 137 298 256
3 290 160 206
3 227 117 251
3 193 109 262
3 15 197 47
3 218 73 231
3 273 195 279
3 150 237 186
3 285 22 97
3 225 23 233
3 107 114 229
3 74 140 272
3 144 48 143
3 56 6 37
3 105 147 240
3 18 269 1
3 171 190 194
3 187 76 270
3 263 42 135
3 38 90 69
3 63 101 46
3 125 283 94
3 156 25 123
3 261 10 293
3 60 93 189
3 200 235 208
3 57 70 178
3 19 131 49
3 198 119 84
3 213 201 153
3 267 83 278
3 44 118 173
3 129 287 9
3 79 138 77
3 245 5 52
3 226 81 257
2 21 211
2 113 151
2 224 247
2 91 149
2 232 169
2 166 132
