200 96 188 39 53 277 281 32 230 174 282 29 214 128 284 102 28 241 244 172 40 204 217 146 239 121 222 202 185 14 64 122 271 82 50 68 157 254 295 111 158 26 268 243 207 209 236 11 3 27 86 258 170 89 253 191 61 163 177 298 160 117 109 197 73 195 237 22 23 114 140 48 6 147 269 190 76 42 90 101 283 25 10 93 235 70 131 119 201 83 118 287 138 5 81 98 16 139 124 205 248 45 291 112 181 219 35 199 20 255 238 265 196 223 31 266 242 250 292 78 264 106 51 12 289 115 152 55 155 141 59 182 67 104 145 192 142 71 43 176 280 154 228 66 252 100 215 17 288 297 30 120 126 256 206 251 262 47 231 279 186 97 233 229 272 143 37 240 1 194 270 135 69 46 94 123 293 189 208 178 49 84 153 278 173 9 77 52 257 211 151 247 149 169 132 274 175 2 165 183 130
1 216
1 167
1 0
0
0
1 180
0
0
0
1 116
1 296
1 168
1 54
1 34
1 108
1 85
1 275
1 87
1 41
1 184
1 164
1 249
1 99
1 212
1 110
1 88
1 75
1 103
1 80
1 72
1 4
1 8
1 7
1 294
1 148
1 134
1 162
1 259
1 159
1 286
1 246
1 299
1 203
1 24
1 133
1 210
1 62
1 161
1 127
1 13
1 260
1 276
1 136
1 220
1 92
1 95
1 58
1 137
1 290
1 227
1 193
1 15
1 218
1 273
1 150
1 285
1 225
1 107
1 74
1 144
1 56
1 105
1 18
1 171
1 187
1 263
1 38
1 63
1 125
1 156
1 261
1 60
1 200
1 57
1 19
1 198
1 213
1 267
1 44
1 129
1 79
1 245
1 226
1 21
1 113
1 224
1 91
1 232
1 166
